<?xml version="1.0" encoding="UTF-8"?>
<testng-results ignored="0" total="1" passed="1" failed="0" skipped="0">
  <reporter-output>
  </reporter-output>
  <suite started-at="2022-02-09T11:30:54 IST" name="Default suite" finished-at="2022-02-09T11:32:09 IST" duration-ms="74780">
    <groups>
    </groups>
    <test started-at="2022-02-09T11:30:54 IST" name="Default test" finished-at="2022-02-09T11:32:09 IST" duration-ms="74780">
      <class name="com.Vtiger.Crm.LeadsPackageTest.Nytimes">
        <test-method signature="nytimes()[pri:0, instance:com.Vtiger.Crm.LeadsPackageTest.Nytimes@61df66b6]" started-at="2022-02-09T11:30:54 IST" name="nytimes" finished-at="2022-02-09T11:32:09 IST" duration-ms="74491" status="PASS">
          <reporter-output>
          </reporter-output>
        </test-method> <!-- nytimes -->
      </class> <!-- com.Vtiger.Crm.LeadsPackageTest.Nytimes -->
    </test> <!-- Default test -->
  </suite> <!-- Default suite -->
</testng-results>
